0 info it worked if it ends with ok
1 verbose cli [ '/usr/bin/nodejs', '/usr/bin/npm', 'i' ]
2 info using npm@1.3.10
3 info using node@v0.10.25
4 warn package.json todo@1.0.0 No repository field.
5 warn package.json todo@1.0.0 No README data
6 verbose readDependencies using package.json deps
7 verbose install where, deps [ '/home/rehman/Desktop/Sparrow/App',
7 verbose install   [ 'body-parser',
7 verbose install     'dotenv',
7 verbose install     'express',
7 verbose install     'mongoose',
7 verbose install     'passport',
7 verbose install     'winston',
7 verbose install     'concurrently',
7 verbose install     'eslint',
7 verbose install     'eslint-plugin-import',
7 verbose install     'eslint-plugin-node',
7 verbose install     'eslint-plugin-promise',
7 verbose install     'eslint-plugin-standard',
7 verbose install     'nodemon' ] ]
8 info preinstall todo@1.0.0
9 warn package.json copy-descriptor@0.1.1 No README data
10 warn package.json eslint-module-utils@2.6.0 No README data
11 warn package.json get-value@2.0.6 No README data
12 warn package.json object-copy@0.1.0 No README data
13 warn package.json path-is-inside@1.0.2 No README data
14 warn package.json static-extend@0.1.2 No README data
15 warn package.json pause@0.0.1 No repository field.
16 verbose readDependencies using package.json deps
17 verbose already installed skipping mongoose@^5.3.6 /home/rehman/Desktop/Sparrow/App
18 verbose already installed skipping express@^4.16.4 /home/rehman/Desktop/Sparrow/App
19 verbose already installed skipping passport@^0.4.1 /home/rehman/Desktop/Sparrow/App
20 verbose already installed skipping winston@^3.2.1 /home/rehman/Desktop/Sparrow/App
21 verbose already installed skipping concurrently@^5.2.0 /home/rehman/Desktop/Sparrow/App
22 verbose already installed skipping eslint-plugin-import@^2.20.2 /home/rehman/Desktop/Sparrow/App
23 verbose already installed skipping eslint@^7.0.0 /home/rehman/Desktop/Sparrow/App
24 verbose already installed skipping eslint-plugin-promise@^4.2.1 /home/rehman/Desktop/Sparrow/App
25 verbose already installed skipping eslint-plugin-node@^11.1.0 /home/rehman/Desktop/Sparrow/App
26 verbose already installed skipping eslint-plugin-standard@^4.0.1 /home/rehman/Desktop/Sparrow/App
27 verbose already installed skipping nodemon@^1.19.4 /home/rehman/Desktop/Sparrow/App
28 verbose already installed skipping dotenv@^6.1.0 /home/rehman/Desktop/Sparrow/App
29 verbose already installed skipping body-parser@^1.18.3 /home/rehman/Desktop/Sparrow/App
30 silly resolved []
31 info build /home/rehman/Desktop/Sparrow/App
32 verbose linkStuff [ false, false, false, '/home/rehman/Desktop/Sparrow' ]
33 info linkStuff todo@1.0.0
34 verbose linkBins todo@1.0.0
35 verbose linkMans todo@1.0.0
36 verbose rebuildBundles todo@1.0.0
37 verbose rebuildBundles [ '.bin',
37 verbose rebuildBundles   '@babel',
37 verbose rebuildBundles   '@types',
37 verbose rebuildBundles   'abbrev',
37 verbose rebuildBundles   'accepts',
37 verbose rebuildBundles   'acorn',
37 verbose rebuildBundles   'acorn-jsx',
37 verbose rebuildBundles   'ajv',
37 verbose rebuildBundles   'ansi-align',
37 verbose rebuildBundles   'ansi-escapes',
37 verbose rebuildBundles   'ansi-regex',
37 verbose rebuildBundles   'ansi-styles',
37 verbose rebuildBundles   'anymatch',
37 verbose rebuildBundles   'argparse',
37 verbose rebuildBundles   'arr-diff',
37 verbose rebuildBundles   'arr-flatten',
37 verbose rebuildBundles   'arr-union',
37 verbose rebuildBundles   'array-flatten',
37 verbose rebuildBundles   'array-includes',
37 verbose rebuildBundles   'array-unique',
37 verbose rebuildBundles   'array.prototype.flat',
37 verbose rebuildBundles   'assign-symbols',
37 verbose rebuildBundles   'astral-regex',
37 verbose rebuildBundles   'async',
37 verbose rebuildBundles   'async-each',
37 verbose rebuildBundles   'atob',
37 verbose rebuildBundles   'balanced-match',
37 verbose rebuildBundles   'base',
37 verbose rebuildBundles   'binary-extensions',
37 verbose rebuildBundles   'bl',
37 verbose rebuildBundles   'bluebird',
37 verbose rebuildBundles   'body-parser',
37 verbose rebuildBundles   'boxen',
37 verbose rebuildBundles   'brace-expansion',
37 verbose rebuildBundles   'braces',
37 verbose rebuildBundles   'bson',
37 verbose rebuildBundles   'bytes',
37 verbose rebuildBundles   'cache-base',
37 verbose rebuildBundles   'callsites',
37 verbose rebuildBundles   'camelcase',
37 verbose rebuildBundles   'capture-stack-trace',
37 verbose rebuildBundles   'chalk',
37 verbose rebuildBundles   'chardet',
37 verbose rebuildBundles   'chokidar',
37 verbose rebuildBundles   'ci-info',
37 verbose rebuildBundles   'class-utils',
37 verbose rebuildBundles   'cli-boxes',
37 verbose rebuildBundles   'cli-cursor',
37 verbose rebuildBundles   'cli-width',
37 verbose rebuildBundles   'cliui',
37 verbose rebuildBundles   'collection-visit',
37 verbose rebuildBundles   'color',
37 verbose rebuildBundles   'color-convert',
37 verbose rebuildBundles   'color-name',
37 verbose rebuildBundles   'color-string',
37 verbose rebuildBundles   'colornames',
37 verbose rebuildBundles   'colors',
37 verbose rebuildBundles   'colorspace',
37 verbose rebuildBundles   'component-emitter',
37 verbose rebuildBundles   'concat-map',
37 verbose rebuildBundles   'concurrently',
37 verbose rebuildBundles   'configstore',
37 verbose rebuildBundles   'contains-path',
37 verbose rebuildBundles   'content-disposition',
37 verbose rebuildBundles   'content-type',
37 verbose rebuildBundles   'cookie',
37 verbose rebuildBundles   'cookie-signature',
37 verbose rebuildBundles   'copy-descriptor',
37 verbose rebuildBundles   'core-util-is',
37 verbose rebuildBundles   'create-error-class',
37 verbose rebuildBundles   'cross-spawn',
37 verbose rebuildBundles   'crypto-random-string',
37 verbose rebuildBundles   'date-fns',
37 verbose rebuildBundles   'debug',
37 verbose rebuildBundles   'decamelize',
37 verbose rebuildBundles   'decode-uri-component',
37 verbose rebuildBundles   'deep-extend',
37 verbose rebuildBundles   'deep-is',
37 verbose rebuildBundles   'define-properties',
37 verbose rebuildBundles   'define-property',
37 verbose rebuildBundles   'denque',
37 verbose rebuildBundles   'depd',
37 verbose rebuildBundles   'destroy',
37 verbose rebuildBundles   'diagnostics',
37 verbose rebuildBundles   'doctrine',
37 verbose rebuildBundles   'dot-prop',
37 verbose rebuildBundles   'dotenv',
37 verbose rebuildBundles   'duplexer3',
37 verbose rebuildBundles   'ee-first',
37 verbose rebuildBundles   'emoji-regex',
37 verbose rebuildBundles   'enabled',
37 verbose rebuildBundles   'encodeurl',
37 verbose rebuildBundles   'env-variable',
37 verbose rebuildBundles   'error-ex',
37 verbose rebuildBundles   'es-abstract',
37 verbose rebuildBundles   'es-to-primitive',
37 verbose rebuildBundles   'escape-html',
37 verbose rebuildBundles   'escape-string-regexp',
37 verbose rebuildBundles   'eslint',
37 verbose rebuildBundles   'eslint-import-resolver-node',
37 verbose rebuildBundles   'eslint-module-utils',
37 verbose rebuildBundles   'eslint-plugin-es',
37 verbose rebuildBundles   'eslint-plugin-import',
37 verbose rebuildBundles   'eslint-plugin-node',
37 verbose rebuildBundles   'eslint-plugin-promise',
37 verbose rebuildBundles   'eslint-plugin-standard',
37 verbose rebuildBundles   'eslint-scope',
37 verbose rebuildBundles   'eslint-utils',
37 verbose rebuildBundles   'eslint-visitor-keys',
37 verbose rebuildBundles   'espree',
37 verbose rebuildBundles   'esprima',
37 verbose rebuildBundles   'esquery',
37 verbose rebuildBundles   'esrecurse',
37 verbose rebuildBundles   'estraverse',
37 verbose rebuildBundles   'esutils',
37 verbose rebuildBundles   'etag',
37 verbose rebuildBundles   'execa',
37 verbose rebuildBundles   'expand-brackets',
37 verbose rebuildBundles   'express',
37 verbose rebuildBundles   'extend-shallow',
37 verbose rebuildBundles   'external-editor',
37 verbose rebuildBundles   'extglob',
37 verbose rebuildBundles   'fast-deep-equal',
37 verbose rebuildBundles   'fast-json-stable-stringify',
37 verbose rebuildBundles   'fast-levenshtein',
37 verbose rebuildBundles   'fast-safe-stringify',
37 verbose rebuildBundles   'fecha',
37 verbose rebuildBundles   'figures',
37 verbose rebuildBundles   'file-entry-cache',
37 verbose rebuildBundles   'fill-range',
37 verbose rebuildBundles   'finalhandler',
37 verbose rebuildBundles   'find-up',
37 verbose rebuildBundles   'flat-cache',
37 verbose rebuildBundles   'flatted',
37 verbose rebuildBundles   'for-in',
37 verbose rebuildBundles   'forwarded',
37 verbose rebuildBundles   'fragment-cache',
37 verbose rebuildBundles   'fresh',
37 verbose rebuildBundles   'fs.realpath',
37 verbose rebuildBundles   'function-bind',
37 verbose rebuildBundles   'functional-red-black-tree',
37 verbose rebuildBundles   'get-caller-file',
37 verbose rebuildBundles   'get-stream',
37 verbose rebuildBundles   'get-value',
37 verbose rebuildBundles   'glob',
37 verbose rebuildBundles   'glob-parent',
37 verbose rebuildBundles   'global-dirs',
37 verbose rebuildBundles   'globals',
37 verbose rebuildBundles   'got',
37 verbose rebuildBundles   'graceful-fs',
37 verbose rebuildBundles   'has',
37 verbose rebuildBundles   'has-flag',
37 verbose rebuildBundles   'has-symbols',
37 verbose rebuildBundles   'has-value',
37 verbose rebuildBundles   'has-values',
37 verbose rebuildBundles   'hosted-git-info',
37 verbose rebuildBundles   'http-errors',
37 verbose rebuildBundles   'iconv-lite',
37 verbose rebuildBundles   'ignore',
37 verbose rebuildBundles   'ignore-by-default',
37 verbose rebuildBundles   'import-fresh',
37 verbose rebuildBundles   'import-lazy',
37 verbose rebuildBundles   'imurmurhash',
37 verbose rebuildBundles   'inflight',
37 verbose rebuildBundles   'inherits',
37 verbose rebuildBundles   'ini',
37 verbose rebuildBundles   'inquirer',
37 verbose rebuildBundles   'ipaddr.js',
37 verbose rebuildBundles   'is-accessor-descriptor',
37 verbose rebuildBundles   'is-arrayish',
37 verbose rebuildBundles   'is-binary-path',
37 verbose rebuildBundles   'is-buffer',
37 verbose rebuildBundles   'is-callable',
37 verbose rebuildBundles   'is-ci',
37 verbose rebuildBundles   'is-data-descriptor',
37 verbose rebuildBundles   'is-date-object',
37 verbose rebuildBundles   'is-descriptor',
37 verbose rebuildBundles   'is-extendable',
37 verbose rebuildBundles   'is-extglob',
37 verbose rebuildBundles   'is-fullwidth-code-point',
37 verbose rebuildBundles   'is-glob',
37 verbose rebuildBundles   'is-installed-globally',
37 verbose rebuildBundles   'is-npm',
37 verbose rebuildBundles   'is-number',
37 verbose rebuildBundles   'is-obj',
37 verbose rebuildBundles   'is-path-inside',
37 verbose rebuildBundles   'is-plain-object',
37 verbose rebuildBundles   'is-redirect',
37 verbose rebuildBundles   'is-regex',
37 verbose rebuildBundles   'is-retry-allowed',
37 verbose rebuildBundles   'is-stream',
37 verbose rebuildBundles   'is-string',
37 verbose rebuildBundles   'is-symbol',
37 verbose rebuildBundles   'is-windows',
37 verbose rebuildBundles   'isarray',
37 verbose rebuildBundles   'isexe',
37 verbose rebuildBundles   'isobject',
37 verbose rebuildBundles   'js-tokens',
37 verbose rebuildBundles   'js-yaml',
37 verbose rebuildBundles   'json-parse-better-errors',
37 verbose rebuildBundles   'json-schema-traverse',
37 verbose rebuildBundles   'json-stable-stringify-without-jsonify',
37 verbose rebuildBundles   'kareem',
37 verbose rebuildBundles   'kind-of',
37 verbose rebuildBundles   'kuler',
37 verbose rebuildBundles   'latest-version',
37 verbose rebuildBundles   'levn',
37 verbose rebuildBundles   'load-json-file',
37 verbose rebuildBundles   'locate-path',
37 verbose rebuildBundles   'lodash',
37 verbose rebuildBundles   'logform',
37 verbose rebuildBundles   'lowercase-keys',
37 verbose rebuildBundles   'lru-cache',
37 verbose rebuildBundles   'make-dir',
37 verbose rebuildBundles   'map-cache',
37 verbose rebuildBundles   'map-visit',
37 verbose rebuildBundles   'media-typer',
37 verbose rebuildBundles   'memory-pager',
37 verbose rebuildBundles   'merge-descriptors',
37 verbose rebuildBundles   'methods',
37 verbose rebuildBundles   'micromatch',
37 verbose rebuildBundles   'mime',
37 verbose rebuildBundles   'mime-db',
37 verbose rebuildBundles   'mime-types',
37 verbose rebuildBundles   'mimic-fn',
37 verbose rebuildBundles   'minimatch',
37 verbose rebuildBundles   'minimist',
37 verbose rebuildBundles   'mixin-deep',
37 verbose rebuildBundles   'mkdirp',
37 verbose rebuildBundles   'mongodb',
37 verbose rebuildBundles   'mongoose',
37 verbose rebuildBundles   'mongoose-legacy-pluralize',
37 verbose rebuildBundles   'mpath',
37 verbose rebuildBundles   'mquery',
37 verbose rebuildBundles   'ms',
37 verbose rebuildBundles   'mute-stream',
37 verbose rebuildBundles   'nanomatch',
37 verbose rebuildBundles   'natural-compare',
37 verbose rebuildBundles   'negotiator',
37 verbose rebuildBundles   'nodemon',
37 verbose rebuildBundles   'nopt',
37 verbose rebuildBundles   'normalize-package-data',
37 verbose rebuildBundles   'normalize-path',
37 verbose rebuildBundles   'npm-run-path',
37 verbose rebuildBundles   'object-copy',
37 verbose rebuildBundles   'object-inspect',
37 verbose rebuildBundles   'object-keys',
37 verbose rebuildBundles   'object-visit',
37 verbose rebuildBundles   'object.assign',
37 verbose rebuildBundles   'object.pick',
37 verbose rebuildBundles   'object.values',
37 verbose rebuildBundles   'on-finished',
37 verbose rebuildBundles   'once',
37 verbose rebuildBundles   'one-time',
37 verbose rebuildBundles   'onetime',
37 verbose rebuildBundles   'optionator',
37 verbose rebuildBundles   'os-tmpdir',
37 verbose rebuildBundles   'p-finally',
37 verbose rebuildBundles   'p-limit',
37 verbose rebuildBundles   'p-locate',
37 verbose rebuildBundles   'p-try',
37 verbose rebuildBundles   'package-json',
37 verbose rebuildBundles   'parent-module',
37 verbose rebuildBundles   'parse-json',
37 verbose rebuildBundles   'parseurl',
37 verbose rebuildBundles   'pascalcase',
37 verbose rebuildBundles   'passport',
37 verbose rebuildBundles   'passport-strategy',
37 verbose rebuildBundles   'path-dirname',
37 verbose rebuildBundles   'path-exists',
37 verbose rebuildBundles   'path-is-absolute',
37 verbose rebuildBundles   'path-is-inside',
37 verbose rebuildBundles   'path-key',
37 verbose rebuildBundles   'path-parse',
37 verbose rebuildBundles   'path-to-regexp',
37 verbose rebuildBundles   'path-type',
37 verbose rebuildBundles   'pause',
37 verbose rebuildBundles   'pify',
37 verbose rebuildBundles   'pkg-dir',
37 verbose rebuildBundles   'posix-character-classes',
37 verbose rebuildBundles   'prelude-ls',
37 verbose rebuildBundles   'prepend-http',
37 verbose rebuildBundles   'process-nextick-args',
37 verbose rebuildBundles   'progress',
37 verbose rebuildBundles   'proxy-addr',
37 verbose rebuildBundles   'pseudomap',
37 verbose rebuildBundles   'pstree.remy',
37 verbose rebuildBundles   'punycode',
37 verbose rebuildBundles   'qs',
37 verbose rebuildBundles   'range-parser',
37 verbose rebuildBundles   'raw-body',
37 verbose rebuildBundles   'rc',
37 verbose rebuildBundles   'read-pkg',
37 verbose rebuildBundles   'read-pkg-up',
37 verbose rebuildBundles   'readable-stream',
37 verbose rebuildBundles   'readdirp',
37 verbose rebuildBundles   'regex-not',
37 verbose rebuildBundles   'regexp-clone',
37 verbose rebuildBundles   'regexpp',
37 verbose rebuildBundles   'registry-auth-token',
37 verbose rebuildBundles   'registry-url',
37 verbose rebuildBundles   'remove-trailing-separator',
37 verbose rebuildBundles   'repeat-element',
37 verbose rebuildBundles   'repeat-string',
37 verbose rebuildBundles   'require-directory',
37 verbose rebuildBundles   'require-main-filename',
37 verbose rebuildBundles   'require_optional',
37 verbose rebuildBundles   'resolve',
37 verbose rebuildBundles   'resolve-from',
37 verbose rebuildBundles   'resolve-url',
37 verbose rebuildBundles   'restore-cursor',
37 verbose rebuildBundles   'ret',
37 verbose rebuildBundles   'rimraf',
37 verbose rebuildBundles   'run-async',
37 verbose rebuildBundles   'rxjs',
37 verbose rebuildBundles   'safe-buffer',
37 verbose rebuildBundles   'safe-regex',
37 verbose rebuildBundles   'safer-buffer',
37 verbose rebuildBundles   'saslprep',
37 verbose rebuildBundles   'semver',
37 verbose rebuildBundles   'semver-diff',
37 verbose rebuildBundles   'send',
37 verbose rebuildBundles   'serve-static',
37 verbose rebuildBundles   'set-blocking',
37 verbose rebuildBundles   'set-value',
37 verbose rebuildBundles   'setprototypeof',
37 verbose rebuildBundles   'shebang-command',
37 verbose rebuildBundles   'shebang-regex',
37 verbose rebuildBundles   'sift',
37 verbose rebuildBundles   'signal-exit',
37 verbose rebuildBundles   'simple-swizzle',
37 verbose rebuildBundles   'slice-ansi',
37 verbose rebuildBundles   'sliced',
37 verbose rebuildBundles   'snapdragon',
37 verbose rebuildBundles   'snapdragon-node',
37 verbose rebuildBundles   'snapdragon-util',
37 verbose rebuildBundles   'source-map',
37 verbose rebuildBundles   'source-map-resolve',
37 verbose rebuildBundles   'source-map-url',
37 verbose rebuildBundles   'sparse-bitfield',
37 verbose rebuildBundles   'spawn-command',
37 verbose rebuildBundles   'spdx-correct',
37 verbose rebuildBundles   'spdx-exceptions',
37 verbose rebuildBundles   'spdx-expression-parse',
37 verbose rebuildBundles   'spdx-license-ids',
37 verbose rebuildBundles   'split-string',
37 verbose rebuildBundles   'sprintf-js',
37 verbose rebuildBundles   'stack-trace',
37 verbose rebuildBundles   'static-extend',
37 verbose rebuildBundles   'statuses',
37 verbose rebuildBundles   'string-width',
37 verbose rebuildBundles   'string.prototype.trimend',
37 verbose rebuildBundles   'string.prototype.trimleft',
37 verbose rebuildBundles   'string.prototype.trimright',
37 verbose rebuildBundles   'string.prototype.trimstart',
37 verbose rebuildBundles   'string_decoder',
37 verbose rebuildBundles   'strip-ansi',
37 verbose rebuildBundles   'strip-bom',
37 verbose rebuildBundles   'strip-eof',
37 verbose rebuildBundles   'strip-json-comments',
37 verbose rebuildBundles   'supports-color',
37 verbose rebuildBundles   'table',
37 verbose rebuildBundles   'term-size',
37 verbose rebuildBundles   'text-hex',
37 verbose rebuildBundles   'text-table',
37 verbose rebuildBundles   'through',
37 verbose rebuildBundles   'timed-out',
37 verbose rebuildBundles   'tmp',
37 verbose rebuildBundles   'to-object-path',
37 verbose rebuildBundles   'to-regex',
37 verbose rebuildBundles   'to-regex-range',
37 verbose rebuildBundles   'toidentifier',
37 verbose rebuildBundles   'touch',
37 verbose rebuildBundles   'tree-kill',
37 verbose rebuildBundles   'triple-beam',
37 verbose rebuildBundles   'tslib',
37 verbose rebuildBundles   'type-check',
37 verbose rebuildBundles   'type-fest',
37 verbose rebuildBundles   'type-is',
37 verbose rebuildBundles   'undefsafe',
37 verbose rebuildBundles   'union-value',
37 verbose rebuildBundles   'unique-string',
37 verbose rebuildBundles   'unpipe',
37 verbose rebuildBundles   'unset-value',
37 verbose rebuildBundles   'unzip-response',
37 verbose rebuildBundles   'upath',
37 verbose rebuildBundles   'update-notifier',
37 verbose rebuildBundles   'uri-js',
37 verbose rebuildBundles   'urix',
37 verbose rebuildBundles   'url-parse-lax',
37 verbose rebuildBundles   'use',
37 verbose rebuildBundles   'util-deprecate',
37 verbose rebuildBundles   'utils-merge',
37 verbose rebuildBundles   'v8-compile-cache',
37 verbose rebuildBundles   'validate-npm-package-license',
37 verbose rebuildBundles   'vary',
37 verbose rebuildBundles   'which',
37 verbose rebuildBundles   'which-module',
37 verbose rebuildBundles   'widest-line',
37 verbose rebuildBundles   'winston',
37 verbose rebuildBundles   'winston-transport',
37 verbose rebuildBundles   'word-wrap',
37 verbose rebuildBundles   'wrap-ansi',
37 verbose rebuildBundles   'wrappy',
37 verbose rebuildBundles   'write',
37 verbose rebuildBundles   'write-file-atomic',
37 verbose rebuildBundles   'xdg-basedir',
37 verbose rebuildBundles   'y18n',
37 verbose rebuildBundles   'yallist',
37 verbose rebuildBundles   'yargs',
37 verbose rebuildBundles   'yargs-parser' ]
38 verbose rebuild bundle /home/rehman/Desktop/Sparrow/App/node_modules/abbrev
39 info build /home/rehman/Desktop/Sparrow/App/node_modules/abbrev
40 info preinstall abbrev@1.1.1
41 verbose linkStuff [ false,
41 verbose linkStuff   false,
41 verbose linkStuff   false,
41 verbose linkStuff   '/home/rehman/Desktop/Sparrow/App/node_modules' ]
42 info linkStuff abbrev@1.1.1
43 verbose linkBins abbrev@1.1.1
44 verbose linkMans abbrev@1.1.1
45 verbose rebuildBundles abbrev@1.1.1
46 info install abbrev@1.1.1
47 info postinstall abbrev@1.1.1
48 verbose rebuild bundle /home/rehman/Desktop/Sparrow/App/node_modules/accepts
49 info build /home/rehman/Desktop/Sparrow/App/node_modules/accepts
50 info preinstall accepts@1.3.7
51 verbose linkStuff [ false,
51 verbose linkStuff   false,
51 verbose linkStuff   false,
51 verbose linkStuff   '/home/rehman/Desktop/Sparrow/App/node_modules' ]
52 info linkStuff accepts@1.3.7
53 verbose linkBins accepts@1.3.7
54 verbose linkMans accepts@1.3.7
55 verbose rebuildBundles accepts@1.3.7
56 info install accepts@1.3.7
57 info postinstall accepts@1.3.7
58 verbose rebuild bundle /home/rehman/Desktop/Sparrow/App/node_modules/acorn
59 info build /home/rehman/Desktop/Sparrow/App/node_modules/acorn
60 info preinstall acorn@7.2.0
61 verbose linkStuff [ false,
61 verbose linkStuff   false,
61 verbose linkStuff   false,
61 verbose linkStuff   '/home/rehman/Desktop/Sparrow/App/node_modules' ]
62 info linkStuff acorn@7.2.0
63 verbose linkBins acorn@7.2.0
64 verbose link bins [ { acorn: 'bin/acorn' },
64 verbose link bins   '/home/rehman/Desktop/Sparrow/App/node_modules/.bin',
64 verbose link bins   false ]
65 verbose linkMans acorn@7.2.0
66 verbose rebuildBundles acorn@7.2.0
67 error Error: EACCES, unlink '/home/rehman/Desktop/Sparrow/App/node_modules/.bin/acorn'
67 error  { [Error: EACCES, unlink '/home/rehman/Desktop/Sparrow/App/node_modules/.bin/acorn']
67 error   errno: 3,
67 error   code: 'EACCES',
67 error   path: '/home/rehman/Desktop/Sparrow/App/node_modules/.bin/acorn' }
68 error Please try running this command again as root/Administrator.
69 error System Linux 3.13.0-96-generic
70 error command "/usr/bin/nodejs" "/usr/bin/npm" "i"
71 error cwd /home/rehman/Desktop/Sparrow/App
72 error node -v v0.10.25
73 error npm -v 1.3.10
74 error path /home/rehman/Desktop/Sparrow/App/node_modules/.bin/acorn
75 error code EACCES
76 error errno 3
77 error stack Error: EACCES, unlink '/home/rehman/Desktop/Sparrow/App/node_modules/.bin/acorn'
78 verbose exit [ 3, true ]
